{"/Users/macbookpro15pouces/Documents/projets/perso/test-senior/test-senior/backend/src/domain/repositories/user.repository.ts": {"path":"/Users/macbookpro15pouces/Documents/projets/perso/test-senior/test-senior/backend/src/domain/repositories/user.repository.ts","statementMap":{"0":{"start":{"line":9,"column":4},"end":{"line":9,"column":41}},"1":{"start":{"line":13,"column":19},"end":{"line":13,"column":57}},"2":{"start":{"line":14,"column":4},"end":{"line":14,"column":18}},"3":{"start":{"line":17,"column":19},"end":{"line":17,"column":53}},"4":{"start":{"line":18,"column":4},"end":{"line":18,"column":18}},"5":{"start":{"line":21,"column":4},"end":{"line":21,"column":47}},"6":{"start":{"line":24,"column":4},"end":{"line":24,"column":47}},"7":{"start":{"line":27,"column":4},"end":{"line":27,"column":47}},"8":{"start":{"line":5,"column":0},"end":{"line":5,"column":13}}},"fnMap":{"0":{"name":"(anonymous_7)","decl":{"start":{"line":8,"column":2},"end":{"line":8,"column":14}},"loc":{"start":{"line":8,"column":44},"end":{"line":10,"column":3}}},"1":{"name":"(anonymous_8)","decl":{"start":{"line":12,"column":8},"end":{"line":12,"column":18}},"loc":{"start":{"line":12,"column":29},"end":{"line":15,"column":null}}},"2":{"name":"(anonymous_10)","decl":{"start":{"line":16,"column":8},"end":{"line":16,"column":16}},"loc":{"start":{"line":16,"column":16},"end":{"line":19,"column":null}}},"3":{"name":"(anonymous_12)","decl":{"start":{"line":20,"column":2},"end":{"line":20,"column":12}},"loc":{"start":{"line":20,"column":23},"end":{"line":22,"column":3}}},"4":{"name":"(anonymous_13)","decl":{"start":{"line":23,"column":2},"end":{"line":23,"column":12}},"loc":{"start":{"line":23,"column":23},"end":{"line":25,"column":3}}},"5":{"name":"(anonymous_14)","decl":{"start":{"line":26,"column":2},"end":{"line":26,"column":16}},"loc":{"start":{"line":26,"column":30},"end":{"line":28,"column":3}}}},"branchMap":{},"s":{"0":2,"1":1,"2":1,"3":1,"4":1,"5":0,"6":0,"7":0,"8":1},"f":{"0":2,"1":1,"2":1,"3":0,"4":0,"5":0},"b":{}}
,"/Users/macbookpro15pouces/Documents/projets/perso/test-senior/test-senior/backend/src/domain/use-cases/user/create-user.ts": {"path":"/Users/macbookpro15pouces/Documents/projets/perso/test-senior/test-senior/backend/src/domain/use-cases/user/create-user.ts","statementMap":{"0":{"start":{"line":8,"column":4},"end":{"line":8,"column":41}},"1":{"start":{"line":12,"column":19},"end":{"line":12,"column":61}},"2":{"start":{"line":13,"column":4},"end":{"line":13,"column":18}},"3":{"start":{"line":5,"column":0},"end":{"line":5,"column":21}}},"fnMap":{"0":{"name":"(anonymous_7)","decl":{"start":{"line":7,"column":2},"end":{"line":7,"column":14}},"loc":{"start":{"line":7,"column":44},"end":{"line":9,"column":3}}},"1":{"name":"(anonymous_8)","decl":{"start":{"line":11,"column":8},"end":{"line":11,"column":15}},"loc":{"start":{"line":11,"column":26},"end":{"line":14,"column":null}}}},"branchMap":{},"s":{"0":1,"1":1,"2":1,"3":1},"f":{"0":1,"1":1},"b":{}}
,"/Users/macbookpro15pouces/Documents/projets/perso/test-senior/test-senior/backend/src/domain/use-cases/user/get-all-user.ts": {"path":"/Users/macbookpro15pouces/Documents/projets/perso/test-senior/test-senior/backend/src/domain/use-cases/user/get-all-user.ts","statementMap":{"0":{"start":{"line":8,"column":4},"end":{"line":8,"column":41}},"1":{"start":{"line":12,"column":19},"end":{"line":12,"column":55}},"2":{"start":{"line":13,"column":4},"end":{"line":13,"column":18}},"3":{"start":{"line":5,"column":0},"end":{"line":5,"column":13}}},"fnMap":{"0":{"name":"(anonymous_7)","decl":{"start":{"line":7,"column":2},"end":{"line":7,"column":14}},"loc":{"start":{"line":7,"column":44},"end":{"line":9,"column":3}}},"1":{"name":"(anonymous_8)","decl":{"start":{"line":11,"column":8},"end":{"line":11,"column":15}},"loc":{"start":{"line":11,"column":15},"end":{"line":14,"column":null}}}},"branchMap":{},"s":{"0":1,"1":1,"2":1,"3":1},"f":{"0":1,"1":1},"b":{}}
}
